[2023-04-14 22:42:41] This is codeql database init --language=javascript --source-root . codeql-database
[2023-04-14 22:42:41] Log file was started late.
[2023-04-14 22:42:42] Calling plumbing command: codeql resolve languages --format=json
[2023-04-14 22:42:42] [DETAILS] resolve languages> Scanning for [codeql-extractor.yml] from /home/kali/Documents/codeql/.codeqlmanifest.json
[2023-04-14 22:42:42] [DETAILS] resolve languages> Parsing /home/kali/Documents/codeql/python/codeql-extractor.yml.
[2023-04-14 22:42:42] [DETAILS] resolve languages> Parsing /home/kali/Documents/codeql/csv/codeql-extractor.yml.
[2023-04-14 22:42:42] [DETAILS] resolve languages> Parsing /home/kali/Documents/codeql/properties/codeql-extractor.yml.
[2023-04-14 22:42:42] [DETAILS] resolve languages> Parsing /home/kali/Documents/codeql/ruby/codeql-extractor.yml.
[2023-04-14 22:42:42] [DETAILS] resolve languages> Parsing /home/kali/Documents/codeql/cpp/codeql-extractor.yml.
[2023-04-14 22:42:42] [DETAILS] resolve languages> Parsing /home/kali/Documents/codeql/java/codeql-extractor.yml.
[2023-04-14 22:42:42] [DETAILS] resolve languages> Parsing /home/kali/Documents/codeql/go/codeql-extractor.yml.
[2023-04-14 22:42:42] [DETAILS] resolve languages> Parsing /home/kali/Documents/codeql/xml/codeql-extractor.yml.
[2023-04-14 22:42:42] [DETAILS] resolve languages> Parsing /home/kali/Documents/codeql/html/codeql-extractor.yml.
[2023-04-14 22:42:42] [DETAILS] resolve languages> Parsing /home/kali/Documents/codeql/csharp/codeql-extractor.yml.
[2023-04-14 22:42:42] [DETAILS] resolve languages> Parsing /home/kali/Documents/codeql/javascript/codeql-extractor.yml.
[2023-04-14 22:42:42] Plumbing command codeql resolve languages completed:
                      {
                        "extractors" : {
                          "python" : [
                            {
                              "extractor_root" : "/home/kali/Documents/codeql/python"
                            }
                          ],
                          "csv" : [
                            {
                              "extractor_root" : "/home/kali/Documents/codeql/csv"
                            }
                          ],
                          "properties" : [
                            {
                              "extractor_root" : "/home/kali/Documents/codeql/properties"
                            }
                          ],
                          "ruby" : [
                            {
                              "extractor_root" : "/home/kali/Documents/codeql/ruby",
                              "extractor_options" : {
                                "trap" : {
                                  "title" : "Options pertaining to TRAP.",
                                  "description" : "Options pertaining to TRAP.",
                                  "type" : "object",
                                  "properties" : {
                                    "compression" : {
                                      "title" : "Controls compression for the TRAP files written by the extractor.",
                                      "description" : "This option is only intended for use in debugging the extractor. Accepted values are 'gzip' (the default, to write gzip-compressed TRAP) and 'none' (to write uncompressed TRAP).\n",
                                      "type" : "string",
                                      "pattern" : "^(none|gzip)$"
                                    }
                                  }
                                }
                              }
                            }
                          ],
                          "cpp" : [
                            {
                              "extractor_root" : "/home/kali/Documents/codeql/cpp"
                            }
                          ],
                          "java" : [
                            {
                              "extractor_root" : "/home/kali/Documents/codeql/java",
                              "extractor_options" : {
                                "exclude" : {
                                  "title" : "A glob excluding files from analysis.",
                                  "description" : "A glob indicating what files to exclude from the analysis.\n",
                                  "type" : "string"
                                }
                              }
                            }
                          ],
                          "go" : [
                            {
                              "extractor_root" : "/home/kali/Documents/codeql/go"
                            }
                          ],
                          "xml" : [
                            {
                              "extractor_root" : "/home/kali/Documents/codeql/xml"
                            }
                          ],
                          "html" : [
                            {
                              "extractor_root" : "/home/kali/Documents/codeql/html"
                            }
                          ],
                          "csharp" : [
                            {
                              "extractor_root" : "/home/kali/Documents/codeql/csharp",
                              "extractor_options" : {
                                "trap" : {
                                  "title" : "Options pertaining to TRAP.",
                                  "description" : "Options pertaining to TRAP.",
                                  "type" : "object",
                                  "properties" : {
                                    "compression" : {
                                      "title" : "Controls compression for the TRAP files written by the extractor.",
                                      "description" : "This option is only intended for use in debugging the extractor. Accepted values are 'brotli' (the default, to write brotli-compressed TRAP), 'gzip', and 'none' (to write uncompressed TRAP).\n",
                                      "type" : "string",
                                      "pattern" : "^(none|gzip|brotli)$"
                                    }
                                  }
                                },
                                "buildless" : {
                                  "title" : "Whether to use buildless (standalone) extraction.",
                                  "description" : "A value indicating, which type of extraction the autobuilder should perform. If 'true', then the standalone extractor will be used, otherwise tracing extraction will be performed. The default is 'false'. Note that buildless extraction will generally yield less accurate analysis results, and should only be used in cases where it is not possible to build the code (for example if it uses inaccessible dependencies).\n",
                                  "type" : "string",
                                  "pattern" : "^(false|true)$"
                                },
                                "cil" : {
                                  "title" : "Whether to enable CIL extraction.",
                                  "description" : "A value indicating, whether CIL extraction should be enabled. The default is 'true'.\n",
                                  "type" : "string",
                                  "pattern" : "^(false|true)$"
                                }
                              }
                            }
                          ],
                          "javascript" : [
                            {
                              "extractor_root" : "/home/kali/Documents/codeql/javascript",
                              "extractor_options" : { }
                            }
                          ]
                        }
                      }
[2023-04-14 22:42:42] [PROGRESS] database init> Calculating baseline information in /home/kali/Documents/engagements/luna
[2023-04-14 22:42:42] [SPAMMY] database init> Ignoring the following directories when processing baseline information: .git, .hg, .svn.
[2023-04-14 22:42:42] [DETAILS] database init> Running command in /home/kali/Documents/engagements/luna: /home/kali/Documents/codeql/tools/linux64/scc --by-file --exclude-dir .git,.hg,.svn --format json --no-large --no-min .
[2023-04-14 22:42:42] [SPAMMY] database init> Found 3126 baseline files for javascript.
[2023-04-14 22:42:42] [SPAMMY] database init> Found 7 baseline files for python.
[2023-04-14 22:42:42] [PROGRESS] database init> Calculated baseline information for languages: javascript, python (368ms).
[2023-04-14 22:42:43] [PROGRESS] database init> Resolving extractor javascript.
[2023-04-14 22:42:43] [DETAILS] database init> Found candidate extractor root for javascript: /home/kali/Documents/codeql/javascript.
[2023-04-14 22:42:43] [PROGRESS] database init> Successfully loaded extractor JavaScript (javascript) from /home/kali/Documents/codeql/javascript.
[2023-04-14 22:42:43] [PROGRESS] database init> Created skeleton CodeQL database at /home/kali/Documents/engagements/luna/codeql-database. This in-progress database is ready to be populated by an extractor.
[2023-04-14 22:42:43] Terminating normally.
