[2023-04-15 15:17:28] This is codeql database create /home/kali/Documents/engagements/luna/codeql-database --language=javascript --source-root /home/kali/Documents/engagements/luna --overwrite
[2023-04-15 15:17:28] Log file was started late.
[2023-04-15 15:17:28] [PROGRESS] database create> Initializing database at /home/kali/Documents/engagements/luna/codeql-database.
[2023-04-15 15:17:28] Running plumbing command: codeql database init --overwrite --language=javascript --qlconfig-file=/home/kali/Documents/engagements/luna/qlconfig.yml --source-root=/home/kali/Documents/engagements/luna --allow-missing-source-root=false --allow-already-existing -- /home/kali/Documents/engagements/luna/codeql-database
[2023-04-15 15:17:28] Calling plumbing command: codeql resolve languages --format=json
[2023-04-15 15:17:28] [DETAILS] resolve languages> Scanning for [codeql-extractor.yml] from /home/kali/Documents/codeql/.codeqlmanifest.json
[2023-04-15 15:17:28] [DETAILS] resolve languages> Parsing /home/kali/Documents/codeql/python/codeql-extractor.yml.
[2023-04-15 15:17:29] [DETAILS] resolve languages> Parsing /home/kali/Documents/codeql/csv/codeql-extractor.yml.
[2023-04-15 15:17:29] [DETAILS] resolve languages> Parsing /home/kali/Documents/codeql/properties/codeql-extractor.yml.
[2023-04-15 15:17:29] [DETAILS] resolve languages> Parsing /home/kali/Documents/codeql/ruby/codeql-extractor.yml.
[2023-04-15 15:17:29] [DETAILS] resolve languages> Parsing /home/kali/Documents/codeql/cpp/codeql-extractor.yml.
[2023-04-15 15:17:29] [DETAILS] resolve languages> Parsing /home/kali/Documents/codeql/java/codeql-extractor.yml.
[2023-04-15 15:17:29] [DETAILS] resolve languages> Parsing /home/kali/Documents/codeql/go/codeql-extractor.yml.
[2023-04-15 15:17:29] [DETAILS] resolve languages> Parsing /home/kali/Documents/codeql/xml/codeql-extractor.yml.
[2023-04-15 15:17:29] [DETAILS] resolve languages> Parsing /home/kali/Documents/codeql/html/codeql-extractor.yml.
[2023-04-15 15:17:29] [DETAILS] resolve languages> Parsing /home/kali/Documents/codeql/csharp/codeql-extractor.yml.
[2023-04-15 15:17:29] [DETAILS] resolve languages> Parsing /home/kali/Documents/codeql/javascript/codeql-extractor.yml.
[2023-04-15 15:17:29] Plumbing command codeql resolve languages completed:
                      {
                        "extractors" : {
                          "python" : [
                            {
                              "extractor_root" : "/home/kali/Documents/codeql/python"
                            }
                          ],
                          "csv" : [
                            {
                              "extractor_root" : "/home/kali/Documents/codeql/csv"
                            }
                          ],
                          "properties" : [
                            {
                              "extractor_root" : "/home/kali/Documents/codeql/properties"
                            }
                          ],
                          "ruby" : [
                            {
                              "extractor_root" : "/home/kali/Documents/codeql/ruby",
                              "extractor_options" : {
                                "trap" : {
                                  "title" : "Options pertaining to TRAP.",
                                  "description" : "Options pertaining to TRAP.",
                                  "type" : "object",
                                  "properties" : {
                                    "compression" : {
                                      "title" : "Controls compression for the TRAP files written by the extractor.",
                                      "description" : "This option is only intended for use in debugging the extractor. Accepted values are 'gzip' (the default, to write gzip-compressed TRAP) and 'none' (to write uncompressed TRAP).\n",
                                      "type" : "string",
                                      "pattern" : "^(none|gzip)$"
                                    }
                                  }
                                }
                              }
                            }
                          ],
                          "cpp" : [
                            {
                              "extractor_root" : "/home/kali/Documents/codeql/cpp"
                            }
                          ],
                          "java" : [
                            {
                              "extractor_root" : "/home/kali/Documents/codeql/java",
                              "extractor_options" : {
                                "exclude" : {
                                  "title" : "A glob excluding files from analysis.",
                                  "description" : "A glob indicating what files to exclude from the analysis.\n",
                                  "type" : "string"
                                }
                              }
                            }
                          ],
                          "go" : [
                            {
                              "extractor_root" : "/home/kali/Documents/codeql/go"
                            }
                          ],
                          "xml" : [
                            {
                              "extractor_root" : "/home/kali/Documents/codeql/xml"
                            }
                          ],
                          "html" : [
                            {
                              "extractor_root" : "/home/kali/Documents/codeql/html"
                            }
                          ],
                          "csharp" : [
                            {
                              "extractor_root" : "/home/kali/Documents/codeql/csharp",
                              "extractor_options" : {
                                "trap" : {
                                  "title" : "Options pertaining to TRAP.",
                                  "description" : "Options pertaining to TRAP.",
                                  "type" : "object",
                                  "properties" : {
                                    "compression" : {
                                      "title" : "Controls compression for the TRAP files written by the extractor.",
                                      "description" : "This option is only intended for use in debugging the extractor. Accepted values are 'brotli' (the default, to write brotli-compressed TRAP), 'gzip', and 'none' (to write uncompressed TRAP).\n",
                                      "type" : "string",
                                      "pattern" : "^(none|gzip|brotli)$"
                                    }
                                  }
                                },
                                "buildless" : {
                                  "title" : "Whether to use buildless (standalone) extraction.",
                                  "description" : "A value indicating, which type of extraction the autobuilder should perform. If 'true', then the standalone extractor will be used, otherwise tracing extraction will be performed. The default is 'false'. Note that buildless extraction will generally yield less accurate analysis results, and should only be used in cases where it is not possible to build the code (for example if it uses inaccessible dependencies).\n",
                                  "type" : "string",
                                  "pattern" : "^(false|true)$"
                                },
                                "cil" : {
                                  "title" : "Whether to enable CIL extraction.",
                                  "description" : "A value indicating, whether CIL extraction should be enabled. The default is 'true'.\n",
                                  "type" : "string",
                                  "pattern" : "^(false|true)$"
                                }
                              }
                            }
                          ],
                          "javascript" : [
                            {
                              "extractor_root" : "/home/kali/Documents/codeql/javascript",
                              "extractor_options" : { }
                            }
                          ]
                        }
                      }
[2023-04-15 15:17:29] [PROGRESS] database init> Calculating baseline information in /home/kali/Documents/engagements/luna
[2023-04-15 15:17:29] [SPAMMY] database init> Ignoring the following directories when processing baseline information: .git, .hg, .svn.
[2023-04-15 15:17:29] [DETAILS] database init> Running command in /home/kali/Documents/engagements/luna: /home/kali/Documents/codeql/tools/linux64/scc --by-file --exclude-dir .git,.hg,.svn --format json --no-large --no-min .
[2023-04-15 15:17:29] [SPAMMY] database init> Found 3126 baseline files for javascript.
[2023-04-15 15:17:29] [SPAMMY] database init> Found 7 baseline files for python.
[2023-04-15 15:17:29] [PROGRESS] database init> Calculated baseline information for languages: javascript, python (401ms).
[2023-04-15 15:17:29] [PROGRESS] database init> Resolving extractor javascript.
[2023-04-15 15:17:29] [DETAILS] database init> Found candidate extractor root for javascript: /home/kali/Documents/codeql/javascript.
[2023-04-15 15:17:29] [PROGRESS] database init> Successfully loaded extractor JavaScript (javascript) from /home/kali/Documents/codeql/javascript.
[2023-04-15 15:17:29] [PROGRESS] database init> Created skeleton CodeQL database at /home/kali/Documents/engagements/luna/codeql-database. This in-progress database is ready to be populated by an extractor.
[2023-04-15 15:17:29] Plumbing command codeql database init completed.
[2023-04-15 15:17:29] [PROGRESS] database create> Running build command: []
[2023-04-15 15:17:29] Running plumbing command: codeql database trace-command --working-dir=/home/kali/Documents/engagements/luna --index-traceless-dbs --no-db-cluster -- /home/kali/Documents/engagements/luna/codeql-database
[2023-04-15 15:17:29] Using autobuild script /home/kali/Documents/codeql/javascript/tools/autobuild.sh.
[2023-04-15 15:17:29] [PROGRESS] database trace-command> Running command in /home/kali/Documents/engagements/luna: [/home/kali/Documents/codeql/javascript/tools/autobuild.sh]
[2023-04-15 15:17:29] [build-stderr] Picked up _JAVA_OPTIONS: -Dawt.useSystemAAFontSettings=on -Dswing.aatext=true
[2023-04-15 15:17:30] [build-stdout] Single-threaded extraction.
[2023-04-15 15:17:30] [build-stdout] Extracting /home/kali/Documents/engagements/luna/.eslintrc.js
[2023-04-15 15:17:31] [build-stdout] Done extracting /home/kali/Documents/engagements/luna/.eslintrc.js (259 ms)
[2023-04-15 15:17:31] [build-stdout] Extracting /home/kali/Documents/engagements/luna/main.bundle.js
[2023-04-15 15:18:26] [build-stdout] Done extracting /home/kali/Documents/engagements/luna/main.bundle.js (55145 ms)
[2023-04-15 15:18:26] [build-stdout] Extracting /home/kali/Documents/engagements/luna/package.json
[2023-04-15 15:18:26] [build-stdout] Done extracting /home/kali/Documents/engagements/luna/package.json (6 ms)
[2023-04-15 15:18:26] [build-stderr] No externs trap cache found
[2023-04-15 15:18:26] [build-stdout] Extracting /home/kali/Documents/codeql/javascript/tools/data/externs/vm/rhino.js
[2023-04-15 15:18:26] [build-stdout] Done extracting /home/kali/Documents/codeql/javascript/tools/data/externs/vm/rhino.js (34 ms)
[2023-04-15 15:18:26] [build-stdout] Extracting /home/kali/Documents/codeql/javascript/tools/data/externs/vm/spidermonkey.js
[2023-04-15 15:18:26] [build-stdout] Done extracting /home/kali/Documents/codeql/javascript/tools/data/externs/vm/spidermonkey.js (7 ms)
[2023-04-15 15:18:26] [build-stdout] Extracting /home/kali/Documents/codeql/javascript/tools/data/externs/vm/jsshell.js
[2023-04-15 15:18:26] [build-stdout] Done extracting /home/kali/Documents/codeql/javascript/tools/data/externs/vm/jsshell.js (157 ms)
[2023-04-15 15:18:26] [build-stdout] Extracting /home/kali/Documents/codeql/javascript/tools/data/externs/vm/v8.js
[2023-04-15 15:18:26] [build-stdout] Done extracting /home/kali/Documents/codeql/javascript/tools/data/externs/vm/v8.js (17 ms)
[2023-04-15 15:18:26] [build-stdout] Extracting /home/kali/Documents/codeql/javascript/tools/data/externs/lib/vows.js
[2023-04-15 15:18:26] [build-stdout] Done extracting /home/kali/Documents/codeql/javascript/tools/data/externs/lib/vows.js (70 ms)
[2023-04-15 15:18:26] [build-stdout] Extracting /home/kali/Documents/codeql/javascript/tools/data/externs/lib/bdd.js
[2023-04-15 15:18:26] [build-stdout] Done extracting /home/kali/Documents/codeql/javascript/tools/data/externs/lib/bdd.js (23 ms)
[2023-04-15 15:18:26] [build-stdout] Extracting /home/kali/Documents/codeql/javascript/tools/data/externs/lib/jquery-3.2.js
[2023-04-15 15:18:26] [build-stdout] Done extracting /home/kali/Documents/codeql/javascript/tools/data/externs/lib/jquery-3.2.js (333 ms)
[2023-04-15 15:18:26] [build-stdout] Extracting /home/kali/Documents/codeql/javascript/tools/data/externs/lib/should.js
[2023-04-15 15:18:26] [build-stdout] Done extracting /home/kali/Documents/codeql/javascript/tools/data/externs/lib/should.js (30 ms)
[2023-04-15 15:18:26] [build-stdout] Extracting /home/kali/Documents/codeql/javascript/tools/data/externs/nodejs/net.js
[2023-04-15 15:18:26] [build-stdout] Done extracting /home/kali/Documents/codeql/javascript/tools/data/externs/nodejs/net.js (69 ms)
[2023-04-15 15:18:26] [build-stdout] Extracting /home/kali/Documents/codeql/javascript/tools/data/externs/nodejs/path.js
[2023-04-15 15:18:27] [build-stdout] Done extracting /home/kali/Documents/codeql/javascript/tools/data/externs/nodejs/path.js (46 ms)
[2023-04-15 15:18:27] [build-stdout] Extracting /home/kali/Documents/codeql/javascript/tools/data/externs/nodejs/cluster.js
[2023-04-15 15:18:27] [build-stdout] Done extracting /home/kali/Documents/codeql/javascript/tools/data/externs/nodejs/cluster.js (146 ms)
[2023-04-15 15:18:27] [build-stdout] Extracting /home/kali/Documents/codeql/javascript/tools/data/externs/nodejs/querystring.js
[2023-04-15 15:18:27] [build-stdout] Done extracting /home/kali/Documents/codeql/javascript/tools/data/externs/nodejs/querystring.js (13 ms)
[2023-04-15 15:18:27] [build-stdout] Extracting /home/kali/Documents/codeql/javascript/tools/data/externs/nodejs/assert_legacy.js
[2023-04-15 15:18:27] [build-stdout] Done extracting /home/kali/Documents/codeql/javascript/tools/data/externs/nodejs/assert_legacy.js (2 ms)
[2023-04-15 15:18:27] [build-stdout] Extracting /home/kali/Documents/codeql/javascript/tools/data/externs/nodejs/https.js
[2023-04-15 15:18:27] [build-stdout] Done extracting /home/kali/Documents/codeql/javascript/tools/data/externs/nodejs/https.js (60 ms)
[2023-04-15 15:18:27] [build-stdout] Extracting /home/kali/Documents/codeql/javascript/tools/data/externs/nodejs/timers.js
[2023-04-15 15:18:27] [build-stdout] Done extracting /home/kali/Documents/codeql/javascript/tools/data/externs/nodejs/timers.js (19 ms)
[2023-04-15 15:18:27] [build-stdout] Extracting /home/kali/Documents/codeql/javascript/tools/data/externs/nodejs/crypto.js
[2023-04-15 15:18:27] [build-stdout] Done extracting /home/kali/Documents/codeql/javascript/tools/data/externs/nodejs/crypto.js (114 ms)
[2023-04-15 15:18:27] [build-stdout] Extracting /home/kali/Documents/codeql/javascript/tools/data/externs/nodejs/console.js
[2023-04-15 15:18:27] [build-stdout] Done extracting /home/kali/Documents/codeql/javascript/tools/data/externs/nodejs/console.js (5 ms)
[2023-04-15 15:18:27] [build-stdout] Extracting /home/kali/Documents/codeql/javascript/tools/data/externs/nodejs/child_process.js
[2023-04-15 15:18:27] [build-stdout] Done extracting /home/kali/Documents/codeql/javascript/tools/data/externs/nodejs/child_process.js (96 ms)
[2023-04-15 15:18:27] [build-stdout] Extracting /home/kali/Documents/codeql/javascript/tools/data/externs/nodejs/buffer.js
[2023-04-15 15:18:27] [build-stdout] Done extracting /home/kali/Documents/codeql/javascript/tools/data/externs/nodejs/buffer.js (20 ms)
[2023-04-15 15:18:27] [build-stdout] Extracting /home/kali/Documents/codeql/javascript/tools/data/externs/nodejs/vm.js
[2023-04-15 15:18:27] [build-stdout] Done extracting /home/kali/Documents/codeql/javascript/tools/data/externs/nodejs/vm.js (25 ms)
[2023-04-15 15:18:27] [build-stdout] Extracting /home/kali/Documents/codeql/javascript/tools/data/externs/nodejs/zlib.js
[2023-04-15 15:18:27] [build-stdout] Done extracting /home/kali/Documents/codeql/javascript/tools/data/externs/nodejs/zlib.js (59 ms)
[2023-04-15 15:18:27] [build-stdout] Extracting /home/kali/Documents/codeql/javascript/tools/data/externs/nodejs/domain.js
[2023-04-15 15:18:27] [build-stdout] Done extracting /home/kali/Documents/codeql/javascript/tools/data/externs/nodejs/domain.js (14 ms)
[2023-04-15 15:18:27] [build-stdout] Extracting /home/kali/Documents/codeql/javascript/tools/data/externs/nodejs/fs.js
[2023-04-15 15:18:27] [build-stdout] Done extracting /home/kali/Documents/codeql/javascript/tools/data/externs/nodejs/fs.js (198 ms)
[2023-04-15 15:18:27] [build-stdout] Extracting /home/kali/Documents/codeql/javascript/tools/data/externs/nodejs/events.js
[2023-04-15 15:18:27] [build-stdout] Done extracting /home/kali/Documents/codeql/javascript/tools/data/externs/nodejs/events.js (19 ms)
[2023-04-15 15:18:27] [build-stdout] Extracting /home/kali/Documents/codeql/javascript/tools/data/externs/nodejs/punycode.js
[2023-04-15 15:18:27] [build-stdout] Done extracting /home/kali/Documents/codeql/javascript/tools/data/externs/nodejs/punycode.js (12 ms)
[2023-04-15 15:18:27] [build-stdout] Extracting /home/kali/Documents/codeql/javascript/tools/data/externs/nodejs/process.js
[2023-04-15 15:18:27] [build-stdout] Done extracting /home/kali/Documents/codeql/javascript/tools/data/externs/nodejs/process.js (3 ms)
[2023-04-15 15:18:27] [build-stdout] Extracting /home/kali/Documents/codeql/javascript/tools/data/externs/nodejs/constants.js
[2023-04-15 15:18:28] [build-stdout] Done extracting /home/kali/Documents/codeql/javascript/tools/data/externs/nodejs/constants.js (177 ms)
[2023-04-15 15:18:28] [build-stdout] Extracting /home/kali/Documents/codeql/javascript/tools/data/externs/nodejs/string_decoder.js
[2023-04-15 15:18:28] [build-stdout] Done extracting /home/kali/Documents/codeql/javascript/tools/data/externs/nodejs/string_decoder.js (7 ms)
[2023-04-15 15:18:28] [build-stdout] Extracting /home/kali/Documents/codeql/javascript/tools/data/externs/nodejs/assert.js
[2023-04-15 15:18:28] [build-stdout] Done extracting /home/kali/Documents/codeql/javascript/tools/data/externs/nodejs/assert.js (20 ms)
[2023-04-15 15:18:28] [build-stdout] Extracting /home/kali/Documents/codeql/javascript/tools/data/externs/nodejs/repl.js
[2023-04-15 15:18:28] [build-stdout] Done extracting /home/kali/Documents/codeql/javascript/tools/data/externs/nodejs/repl.js (12 ms)
[2023-04-15 15:18:28] [build-stdout] Extracting /home/kali/Documents/codeql/javascript/tools/data/externs/nodejs/module.js
[2023-04-15 15:18:28] [build-stdout] Done extracting /home/kali/Documents/codeql/javascript/tools/data/externs/nodejs/module.js (9 ms)
[2023-04-15 15:18:28] [build-stdout] Extracting /home/kali/Documents/codeql/javascript/tools/data/externs/nodejs/tty.js
[2023-04-15 15:18:28] [build-stdout] Done extracting /home/kali/Documents/codeql/javascript/tools/data/externs/nodejs/tty.js (17 ms)
[2023-04-15 15:18:28] [build-stdout] Extracting /home/kali/Documents/codeql/javascript/tools/data/externs/nodejs/dns.js
[2023-04-15 15:18:28] [build-stdout] Done extracting /home/kali/Documents/codeql/javascript/tools/data/externs/nodejs/dns.js (38 ms)
[2023-04-15 15:18:28] [build-stdout] Extracting /home/kali/Documents/codeql/javascript/tools/data/externs/nodejs/http.js
[2023-04-15 15:18:28] [build-stdout] Done extracting /home/kali/Documents/codeql/javascript/tools/data/externs/nodejs/http.js (88 ms)
[2023-04-15 15:18:28] [build-stdout] Extracting /home/kali/Documents/codeql/javascript/tools/data/externs/nodejs/util.js
[2023-04-15 15:18:28] [build-stdout] Done extracting /home/kali/Documents/codeql/javascript/tools/data/externs/nodejs/util.js (33 ms)
[2023-04-15 15:18:28] [build-stdout] Extracting /home/kali/Documents/codeql/javascript/tools/data/externs/nodejs/tls.js
[2023-04-15 15:18:28] [build-stdout] Done extracting /home/kali/Documents/codeql/javascript/tools/data/externs/nodejs/tls.js (65 ms)
[2023-04-15 15:18:28] [build-stdout] Extracting /home/kali/Documents/codeql/javascript/tools/data/externs/nodejs/globals.js
[2023-04-15 15:18:28] [build-stdout] Done extracting /home/kali/Documents/codeql/javascript/tools/data/externs/nodejs/globals.js (221 ms)
[2023-04-15 15:18:28] [build-stdout] Extracting /home/kali/Documents/codeql/javascript/tools/data/externs/nodejs/dgram.js
[2023-04-15 15:18:28] [build-stdout] Done extracting /home/kali/Documents/codeql/javascript/tools/data/externs/nodejs/dgram.js (26 ms)
[2023-04-15 15:18:28] [build-stdout] Extracting /home/kali/Documents/codeql/javascript/tools/data/externs/nodejs/sys.js
[2023-04-15 15:18:28] [build-stdout] Done extracting /home/kali/Documents/codeql/javascript/tools/data/externs/nodejs/sys.js (7 ms)
[2023-04-15 15:18:28] [build-stdout] Extracting /home/kali/Documents/codeql/javascript/tools/data/externs/nodejs/stream.js
[2023-04-15 15:18:28] [build-stdout] Done extracting /home/kali/Documents/codeql/javascript/tools/data/externs/nodejs/stream.js (95 ms)
[2023-04-15 15:18:28] [build-stdout] Extracting /home/kali/Documents/codeql/javascript/tools/data/externs/nodejs/os.js
[2023-04-15 15:18:28] [build-stdout] Done extracting /home/kali/Documents/codeql/javascript/tools/data/externs/nodejs/os.js (27 ms)
[2023-04-15 15:18:28] [build-stdout] Extracting /home/kali/Documents/codeql/javascript/tools/data/externs/nodejs/readline.js
[2023-04-15 15:18:28] [build-stdout] Done extracting /home/kali/Documents/codeql/javascript/tools/data/externs/nodejs/readline.js (24 ms)
[2023-04-15 15:18:28] [build-stdout] Extracting /home/kali/Documents/codeql/javascript/tools/data/externs/nodejs/v8.js
[2023-04-15 15:18:28] [build-stdout] Done extracting /home/kali/Documents/codeql/javascript/tools/data/externs/nodejs/v8.js (7 ms)
[2023-04-15 15:18:28] [build-stdout] Extracting /home/kali/Documents/codeql/javascript/tools/data/externs/nodejs/url.js
[2023-04-15 15:18:28] [build-stdout] Done extracting /home/kali/Documents/codeql/javascript/tools/data/externs/nodejs/url.js (14 ms)
[2023-04-15 15:18:28] [build-stdout] Extracting /home/kali/Documents/codeql/javascript/tools/data/externs/web/w3c_midi.js
[2023-04-15 15:18:28] [build-stdout] Done extracting /home/kali/Documents/codeql/javascript/tools/data/externs/web/w3c_midi.js (23 ms)
[2023-04-15 15:18:28] [build-stdout] Extracting /home/kali/Documents/codeql/javascript/tools/data/externs/web/w3c_dom3.js
[2023-04-15 15:18:28] [build-stdout] Done extracting /home/kali/Documents/codeql/javascript/tools/data/externs/web/w3c_dom3.js (71 ms)
[2023-04-15 15:18:28] [build-stdout] Extracting /home/kali/Documents/codeql/javascript/tools/data/externs/web/w3c_range.js
[2023-04-15 15:18:28] [build-stdout] Done extracting /home/kali/Documents/codeql/javascript/tools/data/externs/web/w3c_range.js (25 ms)
[2023-04-15 15:18:28] [build-stdout] Extracting /home/kali/Documents/codeql/javascript/tools/data/externs/web/w3c_selectors.js
[2023-04-15 15:18:28] [build-stdout] Done extracting /home/kali/Documents/codeql/javascript/tools/data/externs/web/w3c_selectors.js (9 ms)
[2023-04-15 15:18:28] [build-stdout] Extracting /home/kali/Documents/codeql/javascript/tools/data/externs/web/w3c_anim_timing.js
[2023-04-15 15:18:28] [build-stdout] Done extracting /home/kali/Documents/codeql/javascript/tools/data/externs/web/w3c_anim_timing.js (9 ms)
[2023-04-15 15:18:28] [build-stdout] Extracting /home/kali/Documents/codeql/javascript/tools/data/externs/web/whatwg_encoding.js
[2023-04-15 15:18:28] [build-stdout] Done extracting /home/kali/Documents/codeql/javascript/tools/data/externs/web/whatwg_encoding.js (6 ms)
[2023-04-15 15:18:28] [build-stdout] Extracting /home/kali/Documents/codeql/javascript/tools/data/externs/web/window.js
[2023-04-15 15:18:28] [build-stdout] Done extracting /home/kali/Documents/codeql/javascript/tools/data/externs/web/window.js (14 ms)
[2023-04-15 15:18:28] [build-stdout] Extracting /home/kali/Documents/codeql/javascript/tools/data/externs/web/webkit_dom.js
[2023-04-15 15:18:28] [build-stdout] Done extracting /home/kali/Documents/codeql/javascript/tools/data/externs/web/webkit_dom.js (35 ms)
[2023-04-15 15:18:28] [build-stdout] Extracting /home/kali/Documents/codeql/javascript/tools/data/externs/web/w3c_device_sensor_event.js
[2023-04-15 15:18:28] [build-stdout] Done extracting /home/kali/Documents/codeql/javascript/tools/data/externs/web/w3c_device_sensor_event.js (11 ms)
[2023-04-15 15:18:28] [build-stdout] Extracting /home/kali/Documents/codeql/javascript/tools/data/externs/web/w3c_geolocation.js
[2023-04-15 15:18:29] [build-stdout] Done extracting /home/kali/Documents/codeql/javascript/tools/data/externs/web/w3c_geolocation.js (12 ms)
[2023-04-15 15:18:29] [build-stdout] Extracting /home/kali/Documents/codeql/javascript/tools/data/externs/web/w3c_pointer_events.js
[2023-04-15 15:18:29] [build-stdout] Done extracting /home/kali/Documents/codeql/javascript/tools/data/externs/web/w3c_pointer_events.js (12 ms)
[2023-04-15 15:18:29] [build-stdout] Extracting /home/kali/Documents/codeql/javascript/tools/data/externs/web/w3c_css.js
[2023-04-15 15:18:29] [build-stdout] Done extracting /home/kali/Documents/codeql/javascript/tools/data/externs/web/w3c_css.js (177 ms)
[2023-04-15 15:18:29] [build-stdout] Extracting /home/kali/Documents/codeql/javascript/tools/data/externs/web/flash.js
[2023-04-15 15:18:29] [build-stdout] Done extracting /home/kali/Documents/codeql/javascript/tools/data/externs/web/flash.js (16 ms)
[2023-04-15 15:18:29] [build-stdout] Extracting /home/kali/Documents/codeql/javascript/tools/data/externs/web/w3c_requestidlecallback.js
[2023-04-15 15:18:29] [build-stdout] Done extracting /home/kali/Documents/codeql/javascript/tools/data/externs/web/w3c_requestidlecallback.js (4 ms)
[2023-04-15 15:18:29] [build-stdout] Extracting /home/kali/Documents/codeql/javascript/tools/data/externs/web/gecko_xml.js
[2023-04-15 15:18:29] [build-stdout] Done extracting /home/kali/Documents/codeql/javascript/tools/data/externs/web/gecko_xml.js (6 ms)
[2023-04-15 15:18:29] [build-stdout] Extracting /home/kali/Documents/codeql/javascript/tools/data/externs/web/gecko_css.js
[2023-04-15 15:18:29] [build-stdout] Done extracting /home/kali/Documents/codeql/javascript/tools/data/externs/web/gecko_css.js (20 ms)
[2023-04-15 15:18:29] [build-stdout] Extracting /home/kali/Documents/codeql/javascript/tools/data/externs/web/webkit_event.js
[2023-04-15 15:18:29] [build-stdout] Done extracting /home/kali/Documents/codeql/javascript/tools/data/externs/web/webkit_event.js (3 ms)
[2023-04-15 15:18:29] [build-stdout] Extracting /home/kali/Documents/codeql/javascript/tools/data/externs/web/w3c_indexeddb.js
[2023-04-15 15:18:29] [build-stdout] Done extracting /home/kali/Documents/codeql/javascript/tools/data/externs/web/w3c_indexeddb.js (82 ms)
[2023-04-15 15:18:29] [build-stdout] Extracting /home/kali/Documents/codeql/javascript/tools/data/externs/web/w3c_xml.js
[2023-04-15 15:18:29] [build-stdout] Done extracting /home/kali/Documents/codeql/javascript/tools/data/externs/web/w3c_xml.js (30 ms)
[2023-04-15 15:18:29] [build-stdout] Extracting /home/kali/Documents/codeql/javascript/tools/data/externs/web/ie_dom.js
[2023-04-15 15:18:29] [build-stdout] Done extracting /home/kali/Documents/codeql/javascript/tools/data/externs/web/ie_dom.js (98 ms)
[2023-04-15 15:18:29] [build-stdout] Extracting /home/kali/Documents/codeql/javascript/tools/data/externs/web/w3c_touch_event.js
[2023-04-15 15:18:29] [build-stdout] Done extracting /home/kali/Documents/codeql/javascript/tools/data/externs/web/w3c_touch_event.js (20 ms)
[2023-04-15 15:18:29] [build-stdout] Extracting /home/kali/Documents/codeql/javascript/tools/data/externs/web/webgl.js
[2023-04-15 15:18:29] [build-stdout] Done extracting /home/kali/Documents/codeql/javascript/tools/data/externs/web/webgl.js (296 ms)
[2023-04-15 15:18:29] [build-stdout] Extracting /home/kali/Documents/codeql/javascript/tools/data/externs/web/w3c_dom1.js
[2023-04-15 15:18:29] [build-stdout] Done extracting /home/kali/Documents/codeql/javascript/tools/data/externs/web/w3c_dom1.js (83 ms)
[2023-04-15 15:18:29] [build-stdout] Extracting /home/kali/Documents/codeql/javascript/tools/data/externs/web/webkit_usercontent.js
[2023-04-15 15:18:29] [build-stdout] Done extracting /home/kali/Documents/codeql/javascript/tools/data/externs/web/webkit_usercontent.js (5 ms)
[2023-04-15 15:18:29] [build-stdout] Extracting /home/kali/Documents/codeql/javascript/tools/data/externs/web/iphone.js
[2023-04-15 15:18:29] [build-stdout] Done extracting /home/kali/Documents/codeql/javascript/tools/data/externs/web/iphone.js (21 ms)
[2023-04-15 15:18:29] [build-stdout] Extracting /home/kali/Documents/codeql/javascript/tools/data/externs/web/fetchapi.js
[2023-04-15 15:18:29] [build-stdout] Done extracting /home/kali/Documents/codeql/javascript/tools/data/externs/web/fetchapi.js (48 ms)
[2023-04-15 15:18:29] [build-stdout] Extracting /home/kali/Documents/codeql/javascript/tools/data/externs/web/ie_event.js
[2023-04-15 15:18:29] [build-stdout] Done extracting /home/kali/Documents/codeql/javascript/tools/data/externs/web/ie_event.js (27 ms)
[2023-04-15 15:18:29] [build-stdout] Extracting /home/kali/Documents/codeql/javascript/tools/data/externs/web/w3c_css3d.js
[2023-04-15 15:18:29] [build-stdout] Done extracting /home/kali/Documents/codeql/javascript/tools/data/externs/web/w3c_css3d.js (16 ms)
[2023-04-15 15:18:29] [build-stdout] Extracting /home/kali/Documents/codeql/javascript/tools/data/externs/web/w3c_batterystatus.js
[2023-04-15 15:18:29] [build-stdout] Done extracting /home/kali/Documents/codeql/javascript/tools/data/externs/web/w3c_batterystatus.js (4 ms)
[2023-04-15 15:18:29] [build-stdout] Extracting /home/kali/Documents/codeql/javascript/tools/data/externs/web/gecko_event.js
[2023-04-15 15:18:30] [build-stdout] Done extracting /home/kali/Documents/codeql/javascript/tools/data/externs/web/gecko_event.js (11 ms)
[2023-04-15 15:18:30] [build-stdout] Extracting /home/kali/Documents/codeql/javascript/tools/data/externs/web/webkit_notifications.js
[2023-04-15 15:18:30] [build-stdout] Done extracting /home/kali/Documents/codeql/javascript/tools/data/externs/web/webkit_notifications.js (24 ms)
[2023-04-15 15:18:30] [build-stdout] Extracting /home/kali/Documents/codeql/javascript/tools/data/externs/web/html5.js
[2023-04-15 15:18:30] [build-stdout] Done extracting /home/kali/Documents/codeql/javascript/tools/data/externs/web/html5.js (331 ms)
[2023-04-15 15:18:30] [build-stdout] Extracting /home/kali/Documents/codeql/javascript/tools/data/externs/web/w3c_rtc.js
[2023-04-15 15:18:30] [build-stdout] Done extracting /home/kali/Documents/codeql/javascript/tools/data/externs/web/w3c_rtc.js (171 ms)
[2023-04-15 15:18:30] [build-stdout] Extracting /home/kali/Documents/codeql/javascript/tools/data/externs/web/w3c_gamepad.js
[2023-04-15 15:18:30] [build-stdout] Done extracting /home/kali/Documents/codeql/javascript/tools/data/externs/web/w3c_gamepad.js (5 ms)
[2023-04-15 15:18:30] [build-stdout] Extracting /home/kali/Documents/codeql/javascript/tools/data/externs/web/webkit_css.js
[2023-04-15 15:18:30] [build-stdout] Done extracting /home/kali/Documents/codeql/javascript/tools/data/externs/web/webkit_css.js (113 ms)
[2023-04-15 15:18:30] [build-stdout] Extracting /home/kali/Documents/codeql/javascript/tools/data/externs/web/w3c_screen_orientation.js
[2023-04-15 15:18:30] [build-stdout] Done extracting /home/kali/Documents/codeql/javascript/tools/data/externs/web/w3c_screen_orientation.js (4 ms)
[2023-04-15 15:18:30] [build-stdout] Extracting /home/kali/Documents/codeql/javascript/tools/data/externs/web/w3c_serviceworker.js
[2023-04-15 15:18:30] [build-stdout] Done extracting /home/kali/Documents/codeql/javascript/tools/data/externs/web/w3c_serviceworker.js (43 ms)
[2023-04-15 15:18:30] [build-stdout] Extracting /home/kali/Documents/codeql/javascript/tools/data/externs/web/webstorage.js
[2023-04-15 15:18:30] [build-stdout] Done extracting /home/kali/Documents/codeql/javascript/tools/data/externs/web/webstorage.js (8 ms)
[2023-04-15 15:18:30] [build-stdout] Extracting /home/kali/Documents/codeql/javascript/tools/data/externs/web/page_visibility.js
[2023-04-15 15:18:30] [build-stdout] Done extracting /home/kali/Documents/codeql/javascript/tools/data/externs/web/page_visibility.js (3 ms)
[2023-04-15 15:18:30] [build-stdout] Extracting /home/kali/Documents/codeql/javascript/tools/data/externs/web/mediasource.js
[2023-04-15 15:18:30] [build-stdout] Done extracting /home/kali/Documents/codeql/javascript/tools/data/externs/web/mediasource.js (13 ms)
[2023-04-15 15:18:30] [build-stdout] Extracting /home/kali/Documents/codeql/javascript/tools/data/externs/web/w3c_webcrypto.js
[2023-04-15 15:18:30] [build-stdout] Done extracting /home/kali/Documents/codeql/javascript/tools/data/externs/web/w3c_webcrypto.js (35 ms)
[2023-04-15 15:18:30] [build-stdout] Extracting /home/kali/Documents/codeql/javascript/tools/data/externs/web/gecko_ext.js
[2023-04-15 15:18:30] [build-stdout] Done extracting /home/kali/Documents/codeql/javascript/tools/data/externs/web/gecko_ext.js (2 ms)
[2023-04-15 15:18:30] [build-stdout] Extracting /home/kali/Documents/codeql/javascript/tools/data/externs/web/w3c_permissions.js
[2023-04-15 15:18:30] [build-stdout] Done extracting /home/kali/Documents/codeql/javascript/tools/data/externs/web/w3c_permissions.js (10 ms)
[2023-04-15 15:18:30] [build-stdout] Extracting /home/kali/Documents/codeql/javascript/tools/data/externs/web/streamsapi.js
[2023-04-15 15:18:30] [build-stdout] Done extracting /home/kali/Documents/codeql/javascript/tools/data/externs/web/streamsapi.js (41 ms)
[2023-04-15 15:18:30] [build-stdout] Extracting /home/kali/Documents/codeql/javascript/tools/data/externs/web/w3c_encoding.js
[2023-04-15 15:18:30] [build-stdout] Done extracting /home/kali/Documents/codeql/javascript/tools/data/externs/web/w3c_encoding.js (5 ms)
[2023-04-15 15:18:30] [build-stdout] Extracting /home/kali/Documents/codeql/javascript/tools/data/externs/web/gecko_dom.js
[2023-04-15 15:18:30] [build-stdout] Done extracting /home/kali/Documents/codeql/javascript/tools/data/externs/web/gecko_dom.js (77 ms)
[2023-04-15 15:18:30] [build-stdout] Extracting /home/kali/Documents/codeql/javascript/tools/data/externs/web/intl.js
[2023-04-15 15:18:30] [build-stdout] Done extracting /home/kali/Documents/codeql/javascript/tools/data/externs/web/intl.js (20 ms)
[2023-04-15 15:18:30] [build-stdout] Extracting /home/kali/Documents/codeql/javascript/tools/data/externs/web/w3c_event3.js
[2023-04-15 15:18:30] [build-stdout] Done extracting /home/kali/Documents/codeql/javascript/tools/data/externs/web/w3c_event3.js (8 ms)
[2023-04-15 15:18:30] [build-stdout] Extracting /home/kali/Documents/codeql/javascript/tools/data/externs/web/fileapi.js
[2023-04-15 15:18:31] [build-stdout] Done extracting /home/kali/Documents/codeql/javascript/tools/data/externs/web/fileapi.js (83 ms)
[2023-04-15 15:18:31] [build-stdout] Extracting /home/kali/Documents/codeql/javascript/tools/data/externs/web/w3c_dom4.js
[2023-04-15 15:18:31] [build-stdout] Done extracting /home/kali/Documents/codeql/javascript/tools/data/externs/web/w3c_dom4.js (3 ms)
[2023-04-15 15:18:31] [build-stdout] Extracting /home/kali/Documents/codeql/javascript/tools/data/externs/web/chrome.js
[2023-04-15 15:18:31] [build-stdout] Done extracting /home/kali/Documents/codeql/javascript/tools/data/externs/web/chrome.js (43 ms)
[2023-04-15 15:18:31] [build-stdout] Extracting /home/kali/Documents/codeql/javascript/tools/data/externs/web/ie_css.js
[2023-04-15 15:18:31] [build-stdout] Done extracting /home/kali/Documents/codeql/javascript/tools/data/externs/web/ie_css.js (22 ms)
[2023-04-15 15:18:31] [build-stdout] Extracting /home/kali/Documents/codeql/javascript/tools/data/externs/web/w3c_navigation_timing.js
[2023-04-15 15:18:31] [build-stdout] Done extracting /home/kali/Documents/codeql/javascript/tools/data/externs/web/w3c_navigation_timing.js (28 ms)
[2023-04-15 15:18:31] [build-stdout] Extracting /home/kali/Documents/codeql/javascript/tools/data/externs/web/url.js
[2023-04-15 15:18:31] [build-stdout] Done extracting /home/kali/Documents/codeql/javascript/tools/data/externs/web/url.js (10 ms)
[2023-04-15 15:18:31] [build-stdout] Extracting /home/kali/Documents/codeql/javascript/tools/data/externs/web/ie_vml.js
[2023-04-15 15:18:31] [build-stdout] Done extracting /home/kali/Documents/codeql/javascript/tools/data/externs/web/ie_vml.js (4 ms)
[2023-04-15 15:18:31] [build-stdout] Extracting /home/kali/Documents/codeql/javascript/tools/data/externs/web/w3c_event.js
[2023-04-15 15:18:31] [build-stdout] Done extracting /home/kali/Documents/codeql/javascript/tools/data/externs/web/w3c_event.js (44 ms)
[2023-04-15 15:18:31] [build-stdout] Extracting /home/kali/Documents/codeql/javascript/tools/data/externs/web/w3c_dom2.js
[2023-04-15 15:18:31] [build-stdout] Done extracting /home/kali/Documents/codeql/javascript/tools/data/externs/web/w3c_dom2.js (164 ms)
[2023-04-15 15:18:31] [build-stdout] Extracting /home/kali/Documents/codeql/javascript/tools/data/externs/web/w3c_elementtraversal.js
[2023-04-15 15:18:31] [build-stdout] Done extracting /home/kali/Documents/codeql/javascript/tools/data/externs/web/w3c_elementtraversal.js (6 ms)
[2023-04-15 15:18:31] [build-stdout] Extracting /home/kali/Documents/codeql/javascript/tools/data/externs/es/es5.js
[2023-04-15 15:18:31] [build-stdout] Done extracting /home/kali/Documents/codeql/javascript/tools/data/externs/es/es5.js (19 ms)
[2023-04-15 15:18:31] [build-stdout] Extracting /home/kali/Documents/codeql/javascript/tools/data/externs/es/proxy.js
[2023-04-15 15:18:31] [build-stdout] Done extracting /home/kali/Documents/codeql/javascript/tools/data/externs/es/proxy.js (2 ms)
[2023-04-15 15:18:31] [build-stdout] Extracting /home/kali/Documents/codeql/javascript/tools/data/externs/es/es3.js
[2023-04-15 15:18:31] [build-stdout] Done extracting /home/kali/Documents/codeql/javascript/tools/data/externs/es/es3.js (181 ms)
[2023-04-15 15:18:31] [build-stdout] Extracting /home/kali/Documents/codeql/javascript/tools/data/externs/es/intl.js
[2023-04-15 15:18:31] [build-stdout] Done extracting /home/kali/Documents/codeql/javascript/tools/data/externs/es/intl.js (17 ms)
[2023-04-15 15:18:31] [build-stdout] Extracting /home/kali/Documents/codeql/javascript/tools/data/externs/es/es2016.js
[2023-04-15 15:18:31] [build-stdout] Done extracting /home/kali/Documents/codeql/javascript/tools/data/externs/es/es2016.js (2 ms)
[2023-04-15 15:18:31] [build-stdout] Extracting /home/kali/Documents/codeql/javascript/tools/data/externs/es/es6_collections.js
[2023-04-15 15:18:31] [build-stdout] Done extracting /home/kali/Documents/codeql/javascript/tools/data/externs/es/es6_collections.js (15 ms)
[2023-04-15 15:18:31] [build-stdout] Extracting /home/kali/Documents/codeql/javascript/tools/data/externs/es/es6.js
[2023-04-15 15:18:31] [build-stdout] Done extracting /home/kali/Documents/codeql/javascript/tools/data/externs/es/es6.js (109 ms)
[2023-04-15 15:18:31] [build-stdout] Extracting /home/kali/Documents/codeql/javascript/tools/data/externs/es/es2017.js
[2023-04-15 15:18:31] [build-stdout] Done extracting /home/kali/Documents/codeql/javascript/tools/data/externs/es/es2017.js (4 ms)
[2023-04-15 15:18:31] Plumbing command codeql database trace-command completed.
[2023-04-15 15:18:31] [PROGRESS] database create> Finalizing database at /home/kali/Documents/engagements/luna/codeql-database.
[2023-04-15 15:18:31] Running plumbing command: codeql database finalize --mode=normal --no-db-cluster -- /home/kali/Documents/engagements/luna/codeql-database
[2023-04-15 15:18:31] [PROGRESS] database finalize> Running TRAP import for CodeQL database at /home/kali/Documents/engagements/luna/codeql-database...
[2023-04-15 15:18:31] Running plumbing command: codeql dataset import --dbscheme=/home/kali/Documents/codeql/javascript/semmlecode.javascript.dbscheme -- /home/kali/Documents/engagements/luna/codeql-database/db-javascript /home/kali/Documents/engagements/luna/codeql-database/trap/javascript
[2023-04-15 15:18:32] Clearing disk cache since the version file /home/kali/Documents/engagements/luna/codeql-database/db-javascript/default/cache/version does not exist
[2023-04-15 15:18:32] Tuple pool not found. Clearing relations with cached strings
[2023-04-15 15:18:32] Trimming disk cache at /home/kali/Documents/engagements/luna/codeql-database/db-javascript/default/cache in mode brutal.
[2023-04-15 15:18:32] Sequence stamp origin is -6331527778457324601
[2023-04-15 15:18:32] Pausing evaluation to hard-clear memory at sequence stamp o+0
[2023-04-15 15:18:32] Unpausing evaluation
[2023-04-15 15:18:32] Pausing evaluation to quickly trim disk at sequence stamp o+1
[2023-04-15 15:18:32] Unpausing evaluation
[2023-04-15 15:18:32] Pausing evaluation to zealously trim disk at sequence stamp o+2
[2023-04-15 15:18:32] Unpausing evaluation
[2023-04-15 15:18:32] Trimming completed (17ms): Purged everything.
[2023-04-15 15:18:32] Scanning for files in /home/kali/Documents/engagements/luna/codeql-database/trap/javascript
[2023-04-15 15:18:32] Importing es2016.js.trap.gz (1 of 114)
[2023-04-15 15:18:32] Importing es2017.js.trap.gz (2 of 114)
[2023-04-15 15:18:32] Importing es3.js.trap.gz (3 of 114)
[2023-04-15 15:18:32] Importing es5.js.trap.gz (4 of 114)
[2023-04-15 15:18:32] Importing es6.js.trap.gz (5 of 114)
[2023-04-15 15:18:33] Importing es6_collections.js.trap.gz (6 of 114)
[2023-04-15 15:18:33] Importing intl.js.trap.gz (7 of 114)
[2023-04-15 15:18:33] Importing proxy.js.trap.gz (8 of 114)
[2023-04-15 15:18:33] Importing bdd.js.trap.gz (9 of 114)
[2023-04-15 15:18:33] Importing jquery-3.2.js.trap.gz (10 of 114)
[2023-04-15 15:18:33] Importing should.js.trap.gz (11 of 114)
[2023-04-15 15:18:33] Importing vows.js.trap.gz (12 of 114)
[2023-04-15 15:18:33] Importing assert.js.trap.gz (13 of 114)
[2023-04-15 15:18:33] Importing assert_legacy.js.trap.gz (14 of 114)
[2023-04-15 15:18:33] Importing buffer.js.trap.gz (15 of 114)
[2023-04-15 15:18:33] Importing child_process.js.trap.gz (16 of 114)
[2023-04-15 15:18:33] Importing cluster.js.trap.gz (17 of 114)
[2023-04-15 15:18:33] Importing console.js.trap.gz (18 of 114)
[2023-04-15 15:18:33] Importing constants.js.trap.gz (19 of 114)
[2023-04-15 15:18:33] Importing crypto.js.trap.gz (20 of 114)
[2023-04-15 15:18:33] Importing dgram.js.trap.gz (21 of 114)
[2023-04-15 15:18:33] Importing dns.js.trap.gz (22 of 114)
[2023-04-15 15:18:33] Importing domain.js.trap.gz (23 of 114)
[2023-04-15 15:18:33] Importing events.js.trap.gz (24 of 114)
[2023-04-15 15:18:33] Importing fs.js.trap.gz (25 of 114)
[2023-04-15 15:18:33] Importing globals.js.trap.gz (26 of 114)
[2023-04-15 15:18:34] Importing http.js.trap.gz (27 of 114)
[2023-04-15 15:18:34] Importing https.js.trap.gz (28 of 114)
[2023-04-15 15:18:34] Importing module.js.trap.gz (29 of 114)
[2023-04-15 15:18:34] Importing net.js.trap.gz (30 of 114)
[2023-04-15 15:18:34] Importing os.js.trap.gz (31 of 114)
[2023-04-15 15:18:34] Importing path.js.trap.gz (32 of 114)
[2023-04-15 15:18:34] Importing process.js.trap.gz (33 of 114)
[2023-04-15 15:18:34] Importing punycode.js.trap.gz (34 of 114)
[2023-04-15 15:18:34] Importing querystring.js.trap.gz (35 of 114)
[2023-04-15 15:18:34] Importing readline.js.trap.gz (36 of 114)
[2023-04-15 15:18:34] Importing repl.js.trap.gz (37 of 114)
[2023-04-15 15:18:34] Importing stream.js.trap.gz (38 of 114)
[2023-04-15 15:18:34] Importing string_decoder.js.trap.gz (39 of 114)
[2023-04-15 15:18:34] Importing sys.js.trap.gz (40 of 114)
[2023-04-15 15:18:34] Importing timers.js.trap.gz (41 of 114)
[2023-04-15 15:18:34] Importing tls.js.trap.gz (42 of 114)
[2023-04-15 15:18:34] Importing tty.js.trap.gz (43 of 114)
[2023-04-15 15:18:34] Importing url.js.trap.gz (44 of 114)
[2023-04-15 15:18:34] Importing util.js.trap.gz (45 of 114)
[2023-04-15 15:18:34] Importing v8.js.trap.gz (46 of 114)
[2023-04-15 15:18:34] Importing vm.js.trap.gz (47 of 114)
[2023-04-15 15:18:34] Importing zlib.js.trap.gz (48 of 114)
[2023-04-15 15:18:34] Importing jsshell.js.trap.gz (49 of 114)
[2023-04-15 15:18:34] Importing rhino.js.trap.gz (50 of 114)
[2023-04-15 15:18:34] Importing spidermonkey.js.trap.gz (51 of 114)
[2023-04-15 15:18:34] Importing v8.js.trap.gz (52 of 114)
[2023-04-15 15:18:34] Importing chrome.js.trap.gz (53 of 114)
[2023-04-15 15:18:34] Importing fetchapi.js.trap.gz (54 of 114)
[2023-04-15 15:18:34] Importing fileapi.js.trap.gz (55 of 114)
[2023-04-15 15:18:34] Importing flash.js.trap.gz (56 of 114)
[2023-04-15 15:18:34] Importing gecko_css.js.trap.gz (57 of 114)
[2023-04-15 15:18:34] Importing gecko_dom.js.trap.gz (58 of 114)
[2023-04-15 15:18:34] Importing gecko_event.js.trap.gz (59 of 114)
[2023-04-15 15:18:34] Importing gecko_ext.js.trap.gz (60 of 114)
[2023-04-15 15:18:34] Importing gecko_xml.js.trap.gz (61 of 114)
[2023-04-15 15:18:34] Importing html5.js.trap.gz (62 of 114)
[2023-04-15 15:18:34] Importing ie_css.js.trap.gz (63 of 114)
[2023-04-15 15:18:34] Importing ie_dom.js.trap.gz (64 of 114)
[2023-04-15 15:18:34] Importing ie_event.js.trap.gz (65 of 114)
[2023-04-15 15:18:34] Importing ie_vml.js.trap.gz (66 of 114)
[2023-04-15 15:18:34] Importing intl.js.trap.gz (67 of 114)
[2023-04-15 15:18:34] Importing iphone.js.trap.gz (68 of 114)
[2023-04-15 15:18:34] Importing mediasource.js.trap.gz (69 of 114)
[2023-04-15 15:18:34] Importing page_visibility.js.trap.gz (70 of 114)
[2023-04-15 15:18:34] Importing streamsapi.js.trap.gz (71 of 114)
[2023-04-15 15:18:35] Importing url.js.trap.gz (72 of 114)
[2023-04-15 15:18:35] Importing w3c_anim_timing.js.trap.gz (73 of 114)
[2023-04-15 15:18:35] Importing w3c_batterystatus.js.trap.gz (74 of 114)
[2023-04-15 15:18:35] Importing w3c_css.js.trap.gz (75 of 114)
[2023-04-15 15:18:35] Importing w3c_css3d.js.trap.gz (76 of 114)
[2023-04-15 15:18:35] Importing w3c_device_sensor_event.js.trap.gz (77 of 114)
[2023-04-15 15:18:35] Importing w3c_dom1.js.trap.gz (78 of 114)
[2023-04-15 15:18:35] Importing w3c_dom2.js.trap.gz (79 of 114)
[2023-04-15 15:18:35] Importing w3c_dom3.js.trap.gz (80 of 114)
[2023-04-15 15:18:35] Importing w3c_dom4.js.trap.gz (81 of 114)
[2023-04-15 15:18:35] Importing w3c_elementtraversal.js.trap.gz (82 of 114)
[2023-04-15 15:18:35] Importing w3c_encoding.js.trap.gz (83 of 114)
[2023-04-15 15:18:35] Importing w3c_event.js.trap.gz (84 of 114)
[2023-04-15 15:18:35] Importing w3c_event3.js.trap.gz (85 of 114)
[2023-04-15 15:18:35] Importing w3c_gamepad.js.trap.gz (86 of 114)
[2023-04-15 15:18:35] Importing w3c_geolocation.js.trap.gz (87 of 114)
[2023-04-15 15:18:35] Importing w3c_indexeddb.js.trap.gz (88 of 114)
[2023-04-15 15:18:35] Importing w3c_midi.js.trap.gz (89 of 114)
[2023-04-15 15:18:35] Importing w3c_navigation_timing.js.trap.gz (90 of 114)
[2023-04-15 15:18:35] Importing w3c_permissions.js.trap.gz (91 of 114)
[2023-04-15 15:18:35] Importing w3c_pointer_events.js.trap.gz (92 of 114)
[2023-04-15 15:18:35] Importing w3c_range.js.trap.gz (93 of 114)
[2023-04-15 15:18:35] Importing w3c_requestidlecallback.js.trap.gz (94 of 114)
[2023-04-15 15:18:35] Importing w3c_rtc.js.trap.gz (95 of 114)
[2023-04-15 15:18:35] Importing w3c_screen_orientation.js.trap.gz (96 of 114)
[2023-04-15 15:18:35] Importing w3c_selectors.js.trap.gz (97 of 114)
[2023-04-15 15:18:35] Importing w3c_serviceworker.js.trap.gz (98 of 114)
[2023-04-15 15:18:35] Importing w3c_touch_event.js.trap.gz (99 of 114)
[2023-04-15 15:18:35] Importing w3c_webcrypto.js.trap.gz (100 of 114)
[2023-04-15 15:18:35] Importing w3c_xml.js.trap.gz (101 of 114)
[2023-04-15 15:18:35] Importing webgl.js.trap.gz (102 of 114)
[2023-04-15 15:18:35] Importing webkit_css.js.trap.gz (103 of 114)
[2023-04-15 15:18:35] Importing webkit_dom.js.trap.gz (104 of 114)
[2023-04-15 15:18:35] Importing webkit_event.js.trap.gz (105 of 114)
[2023-04-15 15:18:35] Importing webkit_notifications.js.trap.gz (106 of 114)
[2023-04-15 15:18:35] Importing webkit_usercontent.js.trap.gz (107 of 114)
[2023-04-15 15:18:35] Importing webstorage.js.trap.gz (108 of 114)
[2023-04-15 15:18:35] Importing whatwg_encoding.js.trap.gz (109 of 114)
[2023-04-15 15:18:35] Importing window.js.trap.gz (110 of 114)
[2023-04-15 15:18:35] Importing .eslintrc.js.trap.gz (111 of 114)
[2023-04-15 15:18:35] Importing main.bundle.js.trap.gz (112 of 114)
[2023-04-15 15:18:35] Importing package.json.trap.gz (113 of 114)
[2023-04-15 15:18:35] Importing sourceLocationPrefix.trap.gz (114 of 114)
[2023-04-15 15:18:36] Merging 1 fragment for files.
[2023-04-15 15:18:36] Merging 1 fragment for folders.
[2023-04-15 15:18:36] Merging 1 fragment for containerparent.
[2023-04-15 15:18:36] Merging 2 fragments for locations_default.
[2023-04-15 15:18:36] Merging 3 fragments for hasLocation.
[2023-04-15 15:18:36] Merging 1 fragment for extraction_data.
[2023-04-15 15:18:36] Merging 1 fragment for scopes.
[2023-04-15 15:18:36] Merging 1 fragment for comments.
[2023-04-15 15:18:36] Merging 2 fragments for indentation.
[2023-04-15 15:18:36] Merging 1 fragment for numlines.
[2023-04-15 15:18:36] Merging 1 fragment for tokeninfo.
[2023-04-15 15:18:36] Merging 1 fragment for next_token.
[2023-04-15 15:18:36] Merging 1 fragment for jsdoc.
[2023-04-15 15:18:36] Merging 1 fragment for jsdoc_tags.
[2023-04-15 15:18:36] Merging 1 fragment for jsdoc_tag_descriptions.
[2023-04-15 15:18:36] Merging 1 fragment for jsdoc_tag_names.
[2023-04-15 15:18:36] Merging 1 fragment for jsdoc_type_exprs.
[2023-04-15 15:18:36] Merging 1 fragment for toplevels.
[2023-04-15 15:18:36] Merging 1 fragment for stmts.
[2023-04-15 15:18:36] Merging 1 fragment for stmt_containers.
[2023-04-15 15:18:36] Merging 1 fragment for exprs.
[2023-04-15 15:18:36] Merging 1 fragment for enclosing_stmt.
[2023-04-15 15:18:36] Merging 1 fragment for expr_containers.
[2023-04-15 15:18:36] Merging 1 fragment for literals.
[2023-04-15 15:18:36] Merging 1 fragment for variables.
[2023-04-15 15:18:36] Merging 1 fragment for bind.
[2023-04-15 15:18:36] Merging 1 fragment for scopenodes.
[2023-04-15 15:18:36] Merging 1 fragment for scopenesting.
[2023-04-15 15:18:36] Merging 1 fragment for decl.
[2023-04-15 15:18:36] Merging 1 fragment for is_arguments_object.
[2023-04-15 15:18:36] Merging 1 fragment for entry_cfg_node.
[2023-04-15 15:18:36] Merging 1 fragment for exit_cfg_node.
[2023-04-15 15:18:36] Merging 1 fragment for successor.
[2023-04-15 15:18:36] Merging 1 fragment for is_externs.
[2023-04-15 15:18:36] Merging 1 fragment for filetype.
[2023-04-15 15:18:36] Merging 1 fragment for extraction_time.
[2023-04-15 15:18:36] Merging 1 fragment for jsdoc_prefix_qualifier.
[2023-04-15 15:18:36] Merging 1 fragment for jsdoc_errors.
[2023-04-15 15:18:36] Merging 1 fragment for jsdoc_record_field_name.
[2023-04-15 15:18:36] Merging 1 fragment for jsdoc_has_new_parameter.
[2023-04-15 15:18:36] Merging 1 fragment for properties.
[2023-04-15 15:18:36] Merging 1 fragment for regexpterm.
[2023-04-15 15:18:36] Merging 1 fragment for regexp_const_value.
[2023-04-15 15:18:36] Merging 1 fragment for guard_node.
[2023-04-15 15:18:36] Merging 1 fragment for is_module.
[2023-04-15 15:18:36] Merging 1 fragment for is_nodejs.
[2023-04-15 15:18:36] Merging 1 fragment for array_size.
[2023-04-15 15:18:36] Merging 1 fragment for js_parse_errors.
[2023-04-15 15:18:36] Merging 1 fragment for json.
[2023-04-15 15:18:36] Merging 1 fragment for json_locations.
[2023-04-15 15:18:36] Merging 1 fragment for json_literals.
[2023-04-15 15:18:36] Merging 1 fragment for json_properties.
[2023-04-15 15:18:36] Merging 1 fragment for sourceLocationPrefix.
[2023-04-15 15:18:36] Saving string and id pools to disk.
[2023-04-15 15:18:36] Finished importing trap files.
[2023-04-15 15:18:36] Pausing evaluation to close the cache at sequence stamp o+3
[2023-04-15 15:18:36] The disk cache is freshly trimmed; leave it be.
[2023-04-15 15:18:36] Unpausing evaluation
[2023-04-15 15:18:36] Plumbing command codeql dataset import completed.
[2023-04-15 15:18:36] [PROGRESS] database finalize> TRAP import complete (4.8s).
[2023-04-15 15:18:36] Running plumbing command: codeql database cleanup --mode=normal -- /home/kali/Documents/engagements/luna/codeql-database
[2023-04-15 15:18:36] [PROGRESS] database cleanup> Cleaning up existing TRAP files after import...
[2023-04-15 15:18:36] [PROGRESS] database cleanup> TRAP files cleaned up (10ms).
[2023-04-15 15:18:36] [PROGRESS] database cleanup> Cleaning up scratch directory...
[2023-04-15 15:18:36] [PROGRESS] database cleanup> Scratch directory cleaned up (0ms).
[2023-04-15 15:18:36] Running plumbing command: codeql dataset cleanup --mode=normal -- /home/kali/Documents/engagements/luna/codeql-database/db-javascript
[2023-04-15 15:18:36] [PROGRESS] dataset cleanup> Cleaning up dataset in /home/kali/Documents/engagements/luna/codeql-database/db-javascript.
[2023-04-15 15:18:36] Trimming disk cache at /home/kali/Documents/engagements/luna/codeql-database/db-javascript/default/cache in mode normal.
[2023-04-15 15:18:36] Sequence stamp origin is -6331527757501530126
[2023-04-15 15:18:36] Pausing evaluation to zealously trim disk at sequence stamp o+0
[2023-04-15 15:18:36] Unpausing evaluation
[2023-04-15 15:18:36] Trimming completed (1ms): Trimmed disposable data from cache.
[2023-04-15 15:18:36] Pausing evaluation to close the cache at sequence stamp o+1
[2023-04-15 15:18:36] The disk cache is freshly trimmed; leave it be.
[2023-04-15 15:18:36] Unpausing evaluation
[2023-04-15 15:18:36] [PROGRESS] dataset cleanup> Trimmed disposable data from cache.
[2023-04-15 15:18:36] [PROGRESS] dataset cleanup> Finalizing dataset in /home/kali/Documents/engagements/luna/codeql-database/db-javascript
[2023-04-15 15:18:36] [DETAILS] dataset cleanup> Finished deleting ID pool from /home/kali/Documents/engagements/luna/codeql-database/db-javascript (5ms).
[2023-04-15 15:18:36] Plumbing command codeql dataset cleanup completed.
[2023-04-15 15:18:36] Plumbing command codeql database cleanup completed with status 0.
[2023-04-15 15:18:36] Plumbing command codeql database finalize completed.
[2023-04-15 15:18:36] [PROGRESS] database create> Successfully created database at /home/kali/Documents/engagements/luna/codeql-database.
[2023-04-15 15:18:36] Terminating normally.
